#
# A fatal error has been detected by the Java Runtime Environment:
#
#  Internal Error (javaClasses.cpp:136), pid=2024, tid=2656
#  fatal error: Invalid layout of preloaded class
#
# JRE version:  (7.0_45-b18) (build )
# Java VM: Java HotSpot(TM) Client VM (24.45-b08 mixed mode windows-x86 )
# Failed to write core dump. Minidumps are not enabled by default on client versions of Windows
#
# If you would like to submit a bug report, please visit:
#   http://bugreport.sun.com/bugreport/crash.jsp
#

---------------  T H R E A D  ---------------

Current thread (0x020abc00):  JavaThread "Unknown thread" [_thread_in_vm, id=2656, stack(0x01140000,0x01190000)]

Stack: [0x01140000,0x01190000],  sp=0x0118f424,  free space=317k
Native frames: (J=compiled Java code, j=interpreted, Vv=VM code, C=native code)
V  [jvm.dll+0x18df51]
V  [jvm.dll+0x187cc6]
V  [jvm.dll+0x3586a]
V  [jvm.dll+0x358f6]
V  [jvm.dll+0x4400d]
V  [jvm.dll+0x442be]
V  [jvm.dll+0x9263a]
V  [jvm.dll+0x929eb]
V  [jvm.dll+0x13daf1]
V  [jvm.dll+0x1605fc]
V  [jvm.dll+0xc8ebf]
C  [javaw.exe+0x13ce]
C  [javaw.exe+0x1e40]
C  [javaw.exe+0xa5b1]
C  [javaw.exe+0xa63b]
C  [KERNEL32.DLL+0x173e]
C  [ntdll.dll+0x56911]
C  [ntdll.dll+0x568bd]


---------------  P R O C E S S  ---------------

Java Threads: ( => current thread )

Other Threads:

=>0x020abc00 (exited) JavaThread "Unknown thread" [_thread_in_vm, id=2656, stack(0x01140000,0x01190000)]

VM state:not at safepoint (not fully initialized)

VM Mutex/Monitor currently owned by a thread: None

GC Heap History (0 events):
No events

Deoptimization events (0 events):
No events

Internal exceptions (0 events):
No events

Events (10 events):
Event: 0.035 loading class 0x01e1a770 done
Event: 0.035 loading class 0x01e1a200 done
Event: 0.035 loading class 0x01e1a1e0
Event: 0.035 loading class 0x01e21378
Event: 0.043 loading class 0x01e21378 done
Event: 0.043 loading class 0x01e213a8
Event: 0.044 loading class 0x01e213a8 done
Event: 0.044 loading class 0x01e213d8
Event: 0.044 loading class 0x01e213d8 done
Event: 0.044 loading class 0x01e1a1e0 done


Dynamic libraries:
0x011d0000 - 0x011ff000 	C:\Program Files\Java\jre7\bin\javaw.exe
0x777c0000 - 0x77928000 	C:\Windows\SYSTEM32\ntdll.dll
0x76c40000 - 0x76d38000 	C:\Windows\system32\KERNEL32.DLL
0x74e40000 - 0x74efd000 	C:\Windows\system32\KERNELBASE.dll
0x775d0000 - 0x7767e000 	C:\Windows\system32\ADVAPI32.dll
0x76d40000 - 0x76e61000 	C:\Windows\system32\USER32.dll
0x74150000 - 0x74348000 	C:\Windows\WinSxS\x86_microsoft.windows.common-controls_6595b64144ccf1df_6.0.9200.16579_none_8937eec6860750f5\COMCTL32.dll
0x75920000 - 0x759d1000 	C:\Windows\system32\msvcrt.dll
0x77590000 - 0x775c4000 	C:\Windows\SYSTEM32\sechost.dll
0x75430000 - 0x75501000 	C:\Windows\system32\RPCRT4.dll
0x771e0000 - 0x772eb000 	C:\Windows\system32\GDI32.dll
0x75510000 - 0x7553b000 	C:\Windows\system32\IMM32.DLL
0x75350000 - 0x7542e000 	C:\Windows\system32\MSCTF.dll
0x68d50000 - 0x68e0f000 	C:\Program Files\Java\jre7\bin\msvcr100.dll
0x63db0000 - 0x64130000 	C:\Program Files\Java\jre7\bin\client\jvm.dll
0x70ed0000 - 0x70ed8000 	C:\Windows\SYSTEM32\WSOCK32.dll
0x70ea0000 - 0x70ec1000 	C:\Windows\SYSTEM32\WINMM.dll
0x76c30000 - 0x76c36000 	C:\Windows\system32\PSAPI.DLL
0x759f0000 - 0x75a40000 	C:\Windows\system32\WS2_32.dll
0x70e70000 - 0x70e9b000 	C:\Windows\SYSTEM32\WINMMBASE.dll
0x759e0000 - 0x759e8000 	C:\Windows\system32\NSI.dll
0x74f00000 - 0x74f46000 	C:\Windows\SYSTEM32\cfgmgr32.dll
0x74f50000 - 0x74f6e000 	C:\Windows\system32\DEVOBJ.dll
0x6d0d0000 - 0x6d0dc000 	C:\Program Files\Java\jre7\bin\verify.dll
0x6d0b0000 - 0x6d0d0000 	C:\Program Files\Java\jre7\bin\java.dll
0x695e0000 - 0x695f3000 	C:\Program Files\Java\jre7\bin\zip.dll
0x6fd50000 - 0x6fe79000 	C:\Windows\SYSTEM32\dbghelp.dll

VM Arguments:
jvm_args: -Dfile.encoding=Cp1252 -Xbootclasspath:C:\Users\sharanheer\android-sdks\platforms\android-8\android.jar 
java_command: com.indian.pnrinfo.Check
Launcher Type: SUN_STANDARD

Environment Variables:
CLASSPATH=.;C:\Program Files\QuickTime\QTSystem\QTJava.zip
PATH=C:/Program Files/Java/jre7/bin/client;C:/Program Files/Java/jre7/bin;C:/Program Files/Java/jre7/lib/i386;C:\Windows\system32;C:\Windows;C:\Windows\System32\Wbem;C:\Windows\System32\WindowsPowerShell\v1.0\;C:\Program Files\QuickTime\QTSystem\;C:\Program Files\Microsoft SQL Server\110\Tools\Binn\;C:\Program Files\Windows Live\Shared;C:\Program Files\Java\jdk1.7.0_21\bin;D:\downloads sep13\Downloads\eclipse-java-indigo-SR2-win32 (1)\eclipse;
USERNAME=sharanheer
OS=Windows_NT
PROCESSOR_IDENTIFIER=x86 Family 6 Model 23 Stepping 10, GenuineIntel



---------------  S Y S T E M  ---------------

OS: Windows 8 Build 9200 

CPU:total 2 (2 cores per cpu, 1 threads per core) family 6 model 23 stepping 10, cmov, cx8, fxsr, mmx, sse, sse2, sse3, ssse3, sse4.1, tsc

Memory: 4k page, physical 2086388k(776516k free), swap 4183540k(1527332k free)

vm_info: Java HotSpot(TM) Client VM (24.45-b08) for windows-x86 JRE (1.7.0_45-b18), built on Oct  8 2013 06:02:43 by "java_re" with unknown MS VC++:1600

time: Thu Feb 27 22:40:21 2014
elapsed time: 0 seconds

